2025-01-21 15:28:48,250 - doc_processing_api - INFO - Incoming request: POST http://localhost:8001/api/v1/cv/analyze
2025-01-21 15:28:48,250 - doc_processing_api - INFO - Incoming request: POST http://localhost:8001/api/v1/cv/analyze
2025-01-21 15:28:48,250 - doc_processing_api - INFO - Incoming request: POST http://localhost:8001/api/v1/cv/analyze
2025-01-21 15:28:48,253 - doc_processing_api - INFO - Début de l'analyse du CV: CV_Gnagna_Sarr_Valide.docx
2025-01-21 15:28:48,253 - doc_processing_api - INFO - Début de l'analyse du CV: CV_Gnagna_Sarr_Valide.docx
2025-01-21 15:28:48,253 - doc_processing_api - INFO - Début de l'analyse du CV: CV_Gnagna_Sarr_Valide.docx
2025-01-21 15:28:48,343 - doc_processing_api - INFO - Analyse du CV réussie: CV_Gnagna_Sarr_Valide.docx
2025-01-21 15:28:48,343 - doc_processing_api - INFO - Analyse du CV réussie: CV_Gnagna_Sarr_Valide.docx
2025-01-21 15:28:48,343 - doc_processing_api - INFO - Analyse du CV réussie: CV_Gnagna_Sarr_Valide.docx
2025-01-21 15:28:48,398 - doc_processing_api - INFO - Request completed: POST http://localhost:8001/api/v1/cv/analyze - Status: 200
2025-01-21 15:28:48,398 - doc_processing_api - INFO - Request completed: POST http://localhost:8001/api/v1/cv/analyze - Status: 200
2025-01-21 15:28:48,398 - doc_processing_api - INFO - Request completed: POST http://localhost:8001/api/v1/cv/analyze - Status: 200
2025-01-21 15:32:28,474 - doc_processing_api - INFO - Incoming request: POST http://localhost:8001/api/v1/cv/analyze
2025-01-21 15:32:28,474 - doc_processing_api - INFO - Incoming request: POST http://localhost:8001/api/v1/cv/analyze
2025-01-21 15:32:28,474 - doc_processing_api - INFO - Incoming request: POST http://localhost:8001/api/v1/cv/analyze
2025-01-21 15:32:28,487 - doc_processing_api - INFO - Début de l'analyse du CV: CV_Gnagna_Sarr_Valide.docx
2025-01-21 15:32:28,487 - doc_processing_api - INFO - Début de l'analyse du CV: CV_Gnagna_Sarr_Valide.docx
2025-01-21 15:32:28,487 - doc_processing_api - INFO - Début de l'analyse du CV: CV_Gnagna_Sarr_Valide.docx
2025-01-21 15:32:28,561 - doc_processing_api - INFO - Analyse du CV réussie: CV_Gnagna_Sarr_Valide.docx
2025-01-21 15:32:28,561 - doc_processing_api - INFO - Analyse du CV réussie: CV_Gnagna_Sarr_Valide.docx
2025-01-21 15:32:28,561 - doc_processing_api - INFO - Analyse du CV réussie: CV_Gnagna_Sarr_Valide.docx
2025-01-21 15:32:28,594 - doc_processing_api - INFO - Request completed: POST http://localhost:8001/api/v1/cv/analyze - Status: 200
2025-01-21 15:32:28,594 - doc_processing_api - INFO - Request completed: POST http://localhost:8001/api/v1/cv/analyze - Status: 200
2025-01-21 15:32:28,594 - doc_processing_api - INFO - Request completed: POST http://localhost:8001/api/v1/cv/analyze - Status: 200
2025-01-21 15:35:47,866 - doc_processing_api - INFO - Incoming request: POST http://localhost:8001/api/v1/cv/analyze
2025-01-21 15:35:47,866 - doc_processing_api - INFO - Incoming request: POST http://localhost:8001/api/v1/cv/analyze
2025-01-21 15:35:47,866 - doc_processing_api - INFO - Incoming request: POST http://localhost:8001/api/v1/cv/analyze
2025-01-21 15:35:47,868 - doc_processing_api - INFO - Début de l'analyse du CV: CV_Gnagna_Sarr_Valide.docx
2025-01-21 15:35:47,868 - doc_processing_api - INFO - Début de l'analyse du CV: CV_Gnagna_Sarr_Valide.docx
2025-01-21 15:35:47,868 - doc_processing_api - INFO - Début de l'analyse du CV: CV_Gnagna_Sarr_Valide.docx
2025-01-21 15:35:47,912 - doc_processing_api - INFO - Analyse du CV réussie: CV_Gnagna_Sarr_Valide.docx
2025-01-21 15:35:47,912 - doc_processing_api - INFO - Analyse du CV réussie: CV_Gnagna_Sarr_Valide.docx
2025-01-21 15:35:47,912 - doc_processing_api - INFO - Analyse du CV réussie: CV_Gnagna_Sarr_Valide.docx
2025-01-21 15:35:47,914 - doc_processing_api - INFO - Request completed: POST http://localhost:8001/api/v1/cv/analyze - Status: 200
2025-01-21 15:35:47,914 - doc_processing_api - INFO - Request completed: POST http://localhost:8001/api/v1/cv/analyze - Status: 200
2025-01-21 15:35:47,914 - doc_processing_api - INFO - Request completed: POST http://localhost:8001/api/v1/cv/analyze - Status: 200
2025-01-21 15:37:12,052 - doc_processing_api - INFO - Incoming request: POST http://localhost:8001/api/v1/cv/analyze
2025-01-21 15:37:12,052 - doc_processing_api - INFO - Incoming request: POST http://localhost:8001/api/v1/cv/analyze
2025-01-21 15:37:12,052 - doc_processing_api - INFO - Incoming request: POST http://localhost:8001/api/v1/cv/analyze
2025-01-21 15:37:12,054 - doc_processing_api - INFO - Début de l'analyse du CV: CV_Gnagna_Sarr_Valide.docx
2025-01-21 15:37:12,054 - doc_processing_api - INFO - Début de l'analyse du CV: CV_Gnagna_Sarr_Valide.docx
2025-01-21 15:37:12,054 - doc_processing_api - INFO - Début de l'analyse du CV: CV_Gnagna_Sarr_Valide.docx
2025-01-21 15:37:12,093 - doc_processing_api - INFO - Analyse du CV réussie: CV_Gnagna_Sarr_Valide.docx
2025-01-21 15:37:12,093 - doc_processing_api - INFO - Analyse du CV réussie: CV_Gnagna_Sarr_Valide.docx
2025-01-21 15:37:12,093 - doc_processing_api - INFO - Analyse du CV réussie: CV_Gnagna_Sarr_Valide.docx
2025-01-21 15:37:12,094 - doc_processing_api - INFO - Request completed: POST http://localhost:8001/api/v1/cv/analyze - Status: 200
2025-01-21 15:37:12,094 - doc_processing_api - INFO - Request completed: POST http://localhost:8001/api/v1/cv/analyze - Status: 200
2025-01-21 15:37:12,094 - doc_processing_api - INFO - Request completed: POST http://localhost:8001/api/v1/cv/analyze - Status: 200
2025-01-21 15:37:41,343 - doc_processing_api - INFO - Incoming request: POST http://localhost:8001/api/v1/cv/analyze
2025-01-21 15:37:41,343 - doc_processing_api - INFO - Incoming request: POST http://localhost:8001/api/v1/cv/analyze
2025-01-21 15:37:41,343 - doc_processing_api - INFO - Incoming request: POST http://localhost:8001/api/v1/cv/analyze
2025-01-21 15:37:41,346 - doc_processing_api - INFO - Début de l'analyse du CV: CV_Gnagna_Sarr_Valide.docx
2025-01-21 15:37:41,346 - doc_processing_api - INFO - Début de l'analyse du CV: CV_Gnagna_Sarr_Valide.docx
2025-01-21 15:37:41,346 - doc_processing_api - INFO - Début de l'analyse du CV: CV_Gnagna_Sarr_Valide.docx
2025-01-21 15:37:41,377 - doc_processing_api - INFO - Analyse du CV réussie: CV_Gnagna_Sarr_Valide.docx
2025-01-21 15:37:41,377 - doc_processing_api - INFO - Analyse du CV réussie: CV_Gnagna_Sarr_Valide.docx
2025-01-21 15:37:41,377 - doc_processing_api - INFO - Analyse du CV réussie: CV_Gnagna_Sarr_Valide.docx
2025-01-21 15:37:41,378 - doc_processing_api - INFO - Request completed: POST http://localhost:8001/api/v1/cv/analyze - Status: 200
2025-01-21 15:37:41,378 - doc_processing_api - INFO - Request completed: POST http://localhost:8001/api/v1/cv/analyze - Status: 200
2025-01-21 15:37:41,378 - doc_processing_api - INFO - Request completed: POST http://localhost:8001/api/v1/cv/analyze - Status: 200
2025-01-21 15:37:46,981 - doc_processing_api - INFO - Incoming request: POST http://localhost:8001/api/v1/cv/analyze
2025-01-21 15:37:46,981 - doc_processing_api - INFO - Incoming request: POST http://localhost:8001/api/v1/cv/analyze
2025-01-21 15:37:46,981 - doc_processing_api - INFO - Incoming request: POST http://localhost:8001/api/v1/cv/analyze
2025-01-21 15:37:46,983 - doc_processing_api - INFO - Début de l'analyse du CV: CV_Gnagna_Sarr_Valide.docx
2025-01-21 15:37:46,983 - doc_processing_api - INFO - Début de l'analyse du CV: CV_Gnagna_Sarr_Valide.docx
2025-01-21 15:37:46,983 - doc_processing_api - INFO - Début de l'analyse du CV: CV_Gnagna_Sarr_Valide.docx
2025-01-21 15:37:47,034 - doc_processing_api - INFO - Analyse du CV réussie: CV_Gnagna_Sarr_Valide.docx
2025-01-21 15:37:47,034 - doc_processing_api - INFO - Analyse du CV réussie: CV_Gnagna_Sarr_Valide.docx
2025-01-21 15:37:47,034 - doc_processing_api - INFO - Analyse du CV réussie: CV_Gnagna_Sarr_Valide.docx
2025-01-21 15:37:47,035 - doc_processing_api - INFO - Request completed: POST http://localhost:8001/api/v1/cv/analyze - Status: 200
2025-01-21 15:37:47,035 - doc_processing_api - INFO - Request completed: POST http://localhost:8001/api/v1/cv/analyze - Status: 200
2025-01-21 15:37:47,035 - doc_processing_api - INFO - Request completed: POST http://localhost:8001/api/v1/cv/analyze - Status: 200
2025-01-21 15:40:09,723 - doc_processing_api - INFO - Incoming request: POST http://localhost:8001/api/v1/cv/analyze
2025-01-21 15:40:09,723 - doc_processing_api - INFO - Incoming request: POST http://localhost:8001/api/v1/cv/analyze
2025-01-21 15:40:09,723 - doc_processing_api - INFO - Incoming request: POST http://localhost:8001/api/v1/cv/analyze
2025-01-21 15:40:09,725 - doc_processing_api - INFO - Début de l'analyse du CV: Moussa THIOR - CV 2.docx
2025-01-21 15:40:09,725 - doc_processing_api - INFO - Début de l'analyse du CV: Moussa THIOR - CV 2.docx
2025-01-21 15:40:09,725 - doc_processing_api - INFO - Début de l'analyse du CV: Moussa THIOR - CV 2.docx
2025-01-21 15:40:09,747 - doc_processing_api - INFO - Analyse du CV réussie: Moussa THIOR - CV 2.docx
2025-01-21 15:40:09,747 - doc_processing_api - INFO - Analyse du CV réussie: Moussa THIOR - CV 2.docx
2025-01-21 15:40:09,747 - doc_processing_api - INFO - Analyse du CV réussie: Moussa THIOR - CV 2.docx
2025-01-21 15:40:09,748 - doc_processing_api - INFO - Request completed: POST http://localhost:8001/api/v1/cv/analyze - Status: 200
2025-01-21 15:40:09,748 - doc_processing_api - INFO - Request completed: POST http://localhost:8001/api/v1/cv/analyze - Status: 200
2025-01-21 15:40:09,748 - doc_processing_api - INFO - Request completed: POST http://localhost:8001/api/v1/cv/analyze - Status: 200
2025-01-21 15:43:17,246 - doc_processing_api - INFO - Incoming request: POST http://localhost:8001/api/v1/cv/analyze
2025-01-21 15:43:17,246 - doc_processing_api - INFO - Incoming request: POST http://localhost:8001/api/v1/cv/analyze
2025-01-21 15:43:17,246 - doc_processing_api - INFO - Incoming request: POST http://localhost:8001/api/v1/cv/analyze
2025-01-21 15:43:17,250 - doc_processing_api - INFO - Début de l'analyse du CV: Moussa THIOR - CV 2.docx
2025-01-21 15:43:17,250 - doc_processing_api - INFO - Début de l'analyse du CV: Moussa THIOR - CV 2.docx
2025-01-21 15:43:17,250 - doc_processing_api - INFO - Début de l'analyse du CV: Moussa THIOR - CV 2.docx
2025-01-21 15:43:17,274 - doc_processing_api - INFO - Analyse du CV réussie: Moussa THIOR - CV 2.docx
2025-01-21 15:43:17,274 - doc_processing_api - INFO - Analyse du CV réussie: Moussa THIOR - CV 2.docx
2025-01-21 15:43:17,274 - doc_processing_api - INFO - Analyse du CV réussie: Moussa THIOR - CV 2.docx
2025-01-21 15:43:17,275 - doc_processing_api - INFO - Request completed: POST http://localhost:8001/api/v1/cv/analyze - Status: 200
2025-01-21 15:43:17,275 - doc_processing_api - INFO - Request completed: POST http://localhost:8001/api/v1/cv/analyze - Status: 200
2025-01-21 15:43:17,275 - doc_processing_api - INFO - Request completed: POST http://localhost:8001/api/v1/cv/analyze - Status: 200
2025-01-21 15:47:13,753 - doc_processing_api - INFO - Incoming request: POST http://localhost:8001/api/v1/cv/analyze
2025-01-21 15:47:13,753 - doc_processing_api - INFO - Incoming request: POST http://localhost:8001/api/v1/cv/analyze
2025-01-21 15:47:13,753 - doc_processing_api - INFO - Incoming request: POST http://localhost:8001/api/v1/cv/analyze
2025-01-21 15:47:13,758 - doc_processing_api - INFO - Début de l'analyse du CV: Moussa THIOR - CV 2.docx
2025-01-21 15:47:13,758 - doc_processing_api - INFO - Début de l'analyse du CV: Moussa THIOR - CV 2.docx
2025-01-21 15:47:13,758 - doc_processing_api - INFO - Début de l'analyse du CV: Moussa THIOR - CV 2.docx
2025-01-21 15:47:13,781 - doc_processing_api - INFO - Analyse du CV réussie: Moussa THIOR - CV 2.docx
2025-01-21 15:47:13,781 - doc_processing_api - INFO - Analyse du CV réussie: Moussa THIOR - CV 2.docx
2025-01-21 15:47:13,781 - doc_processing_api - INFO - Analyse du CV réussie: Moussa THIOR - CV 2.docx
2025-01-21 15:47:13,782 - doc_processing_api - INFO - Request completed: POST http://localhost:8001/api/v1/cv/analyze - Status: 200
2025-01-21 15:47:13,782 - doc_processing_api - INFO - Request completed: POST http://localhost:8001/api/v1/cv/analyze - Status: 200
2025-01-21 15:47:13,782 - doc_processing_api - INFO - Request completed: POST http://localhost:8001/api/v1/cv/analyze - Status: 200
2025-01-21 15:47:38,979 - doc_processing_api - INFO - Incoming request: POST http://localhost:8001/api/v1/cv/analyze
2025-01-21 15:47:38,979 - doc_processing_api - INFO - Incoming request: POST http://localhost:8001/api/v1/cv/analyze
2025-01-21 15:47:38,979 - doc_processing_api - INFO - Incoming request: POST http://localhost:8001/api/v1/cv/analyze
2025-01-21 15:47:38,981 - doc_processing_api - INFO - Début de l'analyse du CV: Moussa THIOR - CV 2.docx
2025-01-21 15:47:38,981 - doc_processing_api - INFO - Début de l'analyse du CV: Moussa THIOR - CV 2.docx
2025-01-21 15:47:38,981 - doc_processing_api - INFO - Début de l'analyse du CV: Moussa THIOR - CV 2.docx
2025-01-21 15:47:39,006 - doc_processing_api - INFO - Analyse du CV réussie: Moussa THIOR - CV 2.docx
2025-01-21 15:47:39,006 - doc_processing_api - INFO - Analyse du CV réussie: Moussa THIOR - CV 2.docx
2025-01-21 15:47:39,006 - doc_processing_api - INFO - Analyse du CV réussie: Moussa THIOR - CV 2.docx
2025-01-21 15:47:39,007 - doc_processing_api - INFO - Request completed: POST http://localhost:8001/api/v1/cv/analyze - Status: 200
2025-01-21 15:47:39,007 - doc_processing_api - INFO - Request completed: POST http://localhost:8001/api/v1/cv/analyze - Status: 200
2025-01-21 15:47:39,007 - doc_processing_api - INFO - Request completed: POST http://localhost:8001/api/v1/cv/analyze - Status: 200
2025-01-21 15:50:09,192 - doc_processing_api - INFO - Incoming request: POST http://localhost:8001/api/v1/cv/analyze
2025-01-21 15:50:09,192 - doc_processing_api - INFO - Incoming request: POST http://localhost:8001/api/v1/cv/analyze
2025-01-21 15:50:09,192 - doc_processing_api - INFO - Incoming request: POST http://localhost:8001/api/v1/cv/analyze
2025-01-21 15:50:09,193 - doc_processing_api - INFO - Début de l'analyse du CV: CV_Gnagna_Sarr_Valide.docx
2025-01-21 15:50:09,193 - doc_processing_api - INFO - Début de l'analyse du CV: CV_Gnagna_Sarr_Valide.docx
2025-01-21 15:50:09,193 - doc_processing_api - INFO - Début de l'analyse du CV: CV_Gnagna_Sarr_Valide.docx
2025-01-21 15:50:09,258 - doc_processing_api - INFO - Analyse du CV réussie: CV_Gnagna_Sarr_Valide.docx
2025-01-21 15:50:09,258 - doc_processing_api - INFO - Analyse du CV réussie: CV_Gnagna_Sarr_Valide.docx
2025-01-21 15:50:09,258 - doc_processing_api - INFO - Analyse du CV réussie: CV_Gnagna_Sarr_Valide.docx
2025-01-21 15:50:09,259 - doc_processing_api - INFO - Request completed: POST http://localhost:8001/api/v1/cv/analyze - Status: 200
2025-01-21 15:50:09,259 - doc_processing_api - INFO - Request completed: POST http://localhost:8001/api/v1/cv/analyze - Status: 200
2025-01-21 15:50:09,259 - doc_processing_api - INFO - Request completed: POST http://localhost:8001/api/v1/cv/analyze - Status: 200
2025-01-21 15:54:39,747 - doc_processing_api - INFO - Incoming request: POST http://localhost:8001/api/v1/cv/analyze
2025-01-21 15:54:39,747 - doc_processing_api - INFO - Incoming request: POST http://localhost:8001/api/v1/cv/analyze
2025-01-21 15:54:39,747 - doc_processing_api - INFO - Incoming request: POST http://localhost:8001/api/v1/cv/analyze
2025-01-21 15:54:39,750 - doc_processing_api - INFO - Début de l'analyse du CV: CV_Gnagna_Sarr_Valide.docx
2025-01-21 15:54:39,750 - doc_processing_api - INFO - Début de l'analyse du CV: CV_Gnagna_Sarr_Valide.docx
2025-01-21 15:54:39,750 - doc_processing_api - INFO - Début de l'analyse du CV: CV_Gnagna_Sarr_Valide.docx
2025-01-21 15:54:39,776 - doc_processing_api - INFO - Analyse du CV réussie: CV_Gnagna_Sarr_Valide.docx
2025-01-21 15:54:39,776 - doc_processing_api - INFO - Analyse du CV réussie: CV_Gnagna_Sarr_Valide.docx
2025-01-21 15:54:39,776 - doc_processing_api - INFO - Analyse du CV réussie: CV_Gnagna_Sarr_Valide.docx
2025-01-21 15:54:39,777 - doc_processing_api - INFO - Request completed: POST http://localhost:8001/api/v1/cv/analyze - Status: 200
2025-01-21 15:54:39,777 - doc_processing_api - INFO - Request completed: POST http://localhost:8001/api/v1/cv/analyze - Status: 200
2025-01-21 15:54:39,777 - doc_processing_api - INFO - Request completed: POST http://localhost:8001/api/v1/cv/analyze - Status: 200
2025-01-21 16:04:19,130 - doc_processing_api - INFO - Incoming request: POST http://localhost:8001/api/v1/cv/analyze
2025-01-21 16:04:19,130 - doc_processing_api - INFO - Incoming request: POST http://localhost:8001/api/v1/cv/analyze
2025-01-21 16:04:19,130 - doc_processing_api - INFO - Incoming request: POST http://localhost:8001/api/v1/cv/analyze
2025-01-21 16:04:19,132 - doc_processing_api - INFO - Début de l'analyse du CV: CV_TEST.docx
2025-01-21 16:04:19,132 - doc_processing_api - INFO - Début de l'analyse du CV: CV_TEST.docx
2025-01-21 16:04:19,132 - doc_processing_api - INFO - Début de l'analyse du CV: CV_TEST.docx
2025-01-21 16:04:19,143 - doc_processing_api - INFO - Analyse du CV réussie: CV_TEST.docx
2025-01-21 16:04:19,143 - doc_processing_api - INFO - Analyse du CV réussie: CV_TEST.docx
2025-01-21 16:04:19,143 - doc_processing_api - INFO - Analyse du CV réussie: CV_TEST.docx
2025-01-21 16:04:19,144 - doc_processing_api - INFO - Request completed: POST http://localhost:8001/api/v1/cv/analyze - Status: 200
2025-01-21 16:04:19,144 - doc_processing_api - INFO - Request completed: POST http://localhost:8001/api/v1/cv/analyze - Status: 200
2025-01-21 16:04:19,144 - doc_processing_api - INFO - Request completed: POST http://localhost:8001/api/v1/cv/analyze - Status: 200
2025-01-21 16:14:26,948 - doc_processing_api - INFO - Incoming request: POST http://localhost:8001/api/v1/cv/analyze
2025-01-21 16:14:26,948 - doc_processing_api - INFO - Incoming request: POST http://localhost:8001/api/v1/cv/analyze
2025-01-21 16:14:26,948 - doc_processing_api - INFO - Incoming request: POST http://localhost:8001/api/v1/cv/analyze
2025-01-21 16:14:26,950 - doc_processing_api - INFO - Début de l'analyse du CV: CV_TEST.docx
2025-01-21 16:14:26,950 - doc_processing_api - INFO - Début de l'analyse du CV: CV_TEST.docx
2025-01-21 16:14:26,950 - doc_processing_api - INFO - Début de l'analyse du CV: CV_TEST.docx
2025-01-21 16:14:26,963 - doc_processing_api - INFO - Analyse du CV réussie: CV_TEST.docx
2025-01-21 16:14:26,963 - doc_processing_api - INFO - Analyse du CV réussie: CV_TEST.docx
2025-01-21 16:14:26,963 - doc_processing_api - INFO - Analyse du CV réussie: CV_TEST.docx
2025-01-21 16:14:26,964 - doc_processing_api - INFO - Request completed: POST http://localhost:8001/api/v1/cv/analyze - Status: 200
2025-01-21 16:14:26,964 - doc_processing_api - INFO - Request completed: POST http://localhost:8001/api/v1/cv/analyze - Status: 200
2025-01-21 16:14:26,964 - doc_processing_api - INFO - Request completed: POST http://localhost:8001/api/v1/cv/analyze - Status: 200
2025-01-21 17:01:33,538 - doc_processing_api - INFO - Incoming request: POST http://localhost:8001/api/v1/cv/analyze
2025-01-21 17:01:33,538 - doc_processing_api - INFO - Incoming request: POST http://localhost:8001/api/v1/cv/analyze
2025-01-21 17:01:33,538 - doc_processing_api - INFO - Incoming request: POST http://localhost:8001/api/v1/cv/analyze
2025-01-21 17:01:33,540 - doc_processing_api - INFO - Début de l'analyse du CV: CV_TEST.docx
2025-01-21 17:01:33,540 - doc_processing_api - INFO - Début de l'analyse du CV: CV_TEST.docx
2025-01-21 17:01:33,540 - doc_processing_api - INFO - Début de l'analyse du CV: CV_TEST.docx
2025-01-21 17:01:33,554 - doc_processing_api - ERROR - Erreur lors de l'analyse du CV CV_TEST.docx: Erreur lors du traitement du CV: [Errno 2] No such file or directory: 'languages.json'
2025-01-21 17:01:33,554 - doc_processing_api - ERROR - Erreur lors de l'analyse du CV CV_TEST.docx: Erreur lors du traitement du CV: [Errno 2] No such file or directory: 'languages.json'
2025-01-21 17:01:33,554 - doc_processing_api - ERROR - Erreur lors de l'analyse du CV CV_TEST.docx: Erreur lors du traitement du CV: [Errno 2] No such file or directory: 'languages.json'
2025-01-21 17:01:33,554 - doc_processing_api - INFO - Request completed: POST http://localhost:8001/api/v1/cv/analyze - Status: 400
2025-01-21 17:01:33,554 - doc_processing_api - INFO - Request completed: POST http://localhost:8001/api/v1/cv/analyze - Status: 400
2025-01-21 17:01:33,554 - doc_processing_api - INFO - Request completed: POST http://localhost:8001/api/v1/cv/analyze - Status: 400
2025-01-21 17:03:26,824 - doc_processing_api - INFO - Incoming request: POST http://localhost:8001/api/v1/cv/analyze
2025-01-21 17:03:26,824 - doc_processing_api - INFO - Incoming request: POST http://localhost:8001/api/v1/cv/analyze
2025-01-21 17:03:26,824 - doc_processing_api - INFO - Incoming request: POST http://localhost:8001/api/v1/cv/analyze
2025-01-21 17:03:26,827 - doc_processing_api - INFO - Début de l'analyse du CV: CV_TEST.docx
2025-01-21 17:03:26,827 - doc_processing_api - INFO - Début de l'analyse du CV: CV_TEST.docx
2025-01-21 17:03:26,827 - doc_processing_api - INFO - Début de l'analyse du CV: CV_TEST.docx
2025-01-21 17:03:26,842 - doc_processing_api - INFO - Analyse du CV réussie: CV_TEST.docx
2025-01-21 17:03:26,842 - doc_processing_api - INFO - Analyse du CV réussie: CV_TEST.docx
2025-01-21 17:03:26,842 - doc_processing_api - INFO - Analyse du CV réussie: CV_TEST.docx
2025-01-21 17:03:26,843 - doc_processing_api - INFO - Request completed: POST http://localhost:8001/api/v1/cv/analyze - Status: 200
2025-01-21 17:03:26,843 - doc_processing_api - INFO - Request completed: POST http://localhost:8001/api/v1/cv/analyze - Status: 200
2025-01-21 17:03:26,843 - doc_processing_api - INFO - Request completed: POST http://localhost:8001/api/v1/cv/analyze - Status: 200
2025-01-21 17:07:07,402 - doc_processing_api - INFO - Incoming request: POST http://localhost:8001/api/v1/cv/analyze
2025-01-21 17:07:07,402 - doc_processing_api - INFO - Incoming request: POST http://localhost:8001/api/v1/cv/analyze
2025-01-21 17:07:07,402 - doc_processing_api - INFO - Incoming request: POST http://localhost:8001/api/v1/cv/analyze
2025-01-21 17:07:07,404 - doc_processing_api - INFO - Début de l'analyse du CV: CV_TEST.docx
2025-01-21 17:07:07,404 - doc_processing_api - INFO - Début de l'analyse du CV: CV_TEST.docx
2025-01-21 17:07:07,404 - doc_processing_api - INFO - Début de l'analyse du CV: CV_TEST.docx
2025-01-21 17:07:07,416 - doc_processing_api - INFO - Analyse du CV réussie: CV_TEST.docx
2025-01-21 17:07:07,416 - doc_processing_api - INFO - Analyse du CV réussie: CV_TEST.docx
2025-01-21 17:07:07,416 - doc_processing_api - INFO - Analyse du CV réussie: CV_TEST.docx
2025-01-21 17:07:07,417 - doc_processing_api - INFO - Request completed: POST http://localhost:8001/api/v1/cv/analyze - Status: 200
2025-01-21 17:07:07,417 - doc_processing_api - INFO - Request completed: POST http://localhost:8001/api/v1/cv/analyze - Status: 200
2025-01-21 17:07:07,417 - doc_processing_api - INFO - Request completed: POST http://localhost:8001/api/v1/cv/analyze - Status: 200
2025-01-21 17:07:09,862 - doc_processing_api - INFO - Incoming request: POST http://localhost:8001/api/v1/cv/analyze
2025-01-21 17:07:09,862 - doc_processing_api - INFO - Incoming request: POST http://localhost:8001/api/v1/cv/analyze
2025-01-21 17:07:09,862 - doc_processing_api - INFO - Incoming request: POST http://localhost:8001/api/v1/cv/analyze
2025-01-21 17:07:09,864 - doc_processing_api - INFO - Début de l'analyse du CV: CV_TEST.docx
2025-01-21 17:07:09,864 - doc_processing_api - INFO - Début de l'analyse du CV: CV_TEST.docx
2025-01-21 17:07:09,864 - doc_processing_api - INFO - Début de l'analyse du CV: CV_TEST.docx
2025-01-21 17:07:09,875 - doc_processing_api - INFO - Analyse du CV réussie: CV_TEST.docx
2025-01-21 17:07:09,875 - doc_processing_api - INFO - Analyse du CV réussie: CV_TEST.docx
2025-01-21 17:07:09,875 - doc_processing_api - INFO - Analyse du CV réussie: CV_TEST.docx
2025-01-21 17:07:09,876 - doc_processing_api - INFO - Request completed: POST http://localhost:8001/api/v1/cv/analyze - Status: 200
2025-01-21 17:07:09,876 - doc_processing_api - INFO - Request completed: POST http://localhost:8001/api/v1/cv/analyze - Status: 200
2025-01-21 17:07:09,876 - doc_processing_api - INFO - Request completed: POST http://localhost:8001/api/v1/cv/analyze - Status: 200
2025-01-21 17:09:45,777 - doc_processing_api - INFO - Incoming request: POST http://localhost:8001/api/v1/cv/analyze
2025-01-21 17:09:45,777 - doc_processing_api - INFO - Incoming request: POST http://localhost:8001/api/v1/cv/analyze
2025-01-21 17:09:45,777 - doc_processing_api - INFO - Incoming request: POST http://localhost:8001/api/v1/cv/analyze
2025-01-21 17:09:45,780 - doc_processing_api - INFO - Début de l'analyse du CV: CV_TEST.docx
2025-01-21 17:09:45,780 - doc_processing_api - INFO - Début de l'analyse du CV: CV_TEST.docx
2025-01-21 17:09:45,780 - doc_processing_api - INFO - Début de l'analyse du CV: CV_TEST.docx
2025-01-21 17:09:45,791 - doc_processing_api - INFO - Analyse du CV réussie: CV_TEST.docx
2025-01-21 17:09:45,791 - doc_processing_api - INFO - Analyse du CV réussie: CV_TEST.docx
2025-01-21 17:09:45,791 - doc_processing_api - INFO - Analyse du CV réussie: CV_TEST.docx
2025-01-21 17:09:45,792 - doc_processing_api - INFO - Request completed: POST http://localhost:8001/api/v1/cv/analyze - Status: 200
2025-01-21 17:09:45,792 - doc_processing_api - INFO - Request completed: POST http://localhost:8001/api/v1/cv/analyze - Status: 200
2025-01-21 17:09:45,792 - doc_processing_api - INFO - Request completed: POST http://localhost:8001/api/v1/cv/analyze - Status: 200
2025-01-21 17:09:48,169 - doc_processing_api - INFO - Incoming request: POST http://localhost:8001/api/v1/cv/analyze
2025-01-21 17:09:48,169 - doc_processing_api - INFO - Incoming request: POST http://localhost:8001/api/v1/cv/analyze
2025-01-21 17:09:48,169 - doc_processing_api - INFO - Incoming request: POST http://localhost:8001/api/v1/cv/analyze
2025-01-21 17:09:48,171 - doc_processing_api - INFO - Début de l'analyse du CV: CV_TEST.docx
2025-01-21 17:09:48,171 - doc_processing_api - INFO - Début de l'analyse du CV: CV_TEST.docx
2025-01-21 17:09:48,171 - doc_processing_api - INFO - Début de l'analyse du CV: CV_TEST.docx
2025-01-21 17:09:48,181 - doc_processing_api - INFO - Analyse du CV réussie: CV_TEST.docx
2025-01-21 17:09:48,181 - doc_processing_api - INFO - Analyse du CV réussie: CV_TEST.docx
2025-01-21 17:09:48,181 - doc_processing_api - INFO - Analyse du CV réussie: CV_TEST.docx
2025-01-21 17:09:48,183 - doc_processing_api - INFO - Request completed: POST http://localhost:8001/api/v1/cv/analyze - Status: 200
2025-01-21 17:09:48,183 - doc_processing_api - INFO - Request completed: POST http://localhost:8001/api/v1/cv/analyze - Status: 200
2025-01-21 17:09:48,183 - doc_processing_api - INFO - Request completed: POST http://localhost:8001/api/v1/cv/analyze - Status: 200
2025-01-21 17:10:54,161 - doc_processing_api - INFO - Incoming request: POST http://localhost:8001/api/v1/cv/analyze
2025-01-21 17:10:54,161 - doc_processing_api - INFO - Incoming request: POST http://localhost:8001/api/v1/cv/analyze
2025-01-21 17:10:54,161 - doc_processing_api - INFO - Incoming request: POST http://localhost:8001/api/v1/cv/analyze
2025-01-21 17:10:54,164 - doc_processing_api - INFO - Début de l'analyse du CV: CV_TEST.docx
2025-01-21 17:10:54,164 - doc_processing_api - INFO - Début de l'analyse du CV: CV_TEST.docx
2025-01-21 17:10:54,164 - doc_processing_api - INFO - Début de l'analyse du CV: CV_TEST.docx
2025-01-21 17:10:54,176 - doc_processing_api - INFO - Analyse du CV réussie: CV_TEST.docx
2025-01-21 17:10:54,176 - doc_processing_api - INFO - Analyse du CV réussie: CV_TEST.docx
2025-01-21 17:10:54,176 - doc_processing_api - INFO - Analyse du CV réussie: CV_TEST.docx
2025-01-21 17:10:54,177 - doc_processing_api - INFO - Request completed: POST http://localhost:8001/api/v1/cv/analyze - Status: 200
2025-01-21 17:10:54,177 - doc_processing_api - INFO - Request completed: POST http://localhost:8001/api/v1/cv/analyze - Status: 200
2025-01-21 17:10:54,177 - doc_processing_api - INFO - Request completed: POST http://localhost:8001/api/v1/cv/analyze - Status: 200
2025-01-21 17:13:53,104 - doc_processing_api - INFO - Incoming request: POST http://localhost:8001/api/v1/cv/analyze
2025-01-21 17:13:53,104 - doc_processing_api - INFO - Incoming request: POST http://localhost:8001/api/v1/cv/analyze
2025-01-21 17:13:53,104 - doc_processing_api - INFO - Incoming request: POST http://localhost:8001/api/v1/cv/analyze
2025-01-21 17:13:53,106 - doc_processing_api - INFO - Début de l'analyse du CV: CV_TEST.docx
2025-01-21 17:13:53,106 - doc_processing_api - INFO - Début de l'analyse du CV: CV_TEST.docx
2025-01-21 17:13:53,106 - doc_processing_api - INFO - Début de l'analyse du CV: CV_TEST.docx
2025-01-21 17:13:53,119 - doc_processing_api - INFO - Analyse du CV réussie: CV_TEST.docx
2025-01-21 17:13:53,119 - doc_processing_api - INFO - Analyse du CV réussie: CV_TEST.docx
2025-01-21 17:13:53,119 - doc_processing_api - INFO - Analyse du CV réussie: CV_TEST.docx
2025-01-21 17:13:53,120 - doc_processing_api - INFO - Request completed: POST http://localhost:8001/api/v1/cv/analyze - Status: 200
2025-01-21 17:13:53,120 - doc_processing_api - INFO - Request completed: POST http://localhost:8001/api/v1/cv/analyze - Status: 200
2025-01-21 17:13:53,120 - doc_processing_api - INFO - Request completed: POST http://localhost:8001/api/v1/cv/analyze - Status: 200
2025-01-21 17:15:55,546 - doc_processing_api - INFO - Incoming request: POST http://localhost:8001/api/v1/cv/analyze
2025-01-21 17:15:55,546 - doc_processing_api - INFO - Incoming request: POST http://localhost:8001/api/v1/cv/analyze
2025-01-21 17:15:55,546 - doc_processing_api - INFO - Incoming request: POST http://localhost:8001/api/v1/cv/analyze
2025-01-21 17:15:55,548 - doc_processing_api - INFO - Début de l'analyse du CV: CV_TEST.docx
2025-01-21 17:15:55,548 - doc_processing_api - INFO - Début de l'analyse du CV: CV_TEST.docx
2025-01-21 17:15:55,548 - doc_processing_api - INFO - Début de l'analyse du CV: CV_TEST.docx
2025-01-21 17:15:55,563 - doc_processing_api - INFO - Analyse du CV réussie: CV_TEST.docx
2025-01-21 17:15:55,563 - doc_processing_api - INFO - Analyse du CV réussie: CV_TEST.docx
2025-01-21 17:15:55,563 - doc_processing_api - INFO - Analyse du CV réussie: CV_TEST.docx
2025-01-21 17:15:55,564 - doc_processing_api - INFO - Request completed: POST http://localhost:8001/api/v1/cv/analyze - Status: 200
2025-01-21 17:15:55,564 - doc_processing_api - INFO - Request completed: POST http://localhost:8001/api/v1/cv/analyze - Status: 200
2025-01-21 17:15:55,564 - doc_processing_api - INFO - Request completed: POST http://localhost:8001/api/v1/cv/analyze - Status: 200
2025-01-21 17:16:52,924 - doc_processing_api - INFO - Incoming request: POST http://localhost:8001/api/v1/cv/analyze
2025-01-21 17:16:52,924 - doc_processing_api - INFO - Incoming request: POST http://localhost:8001/api/v1/cv/analyze
2025-01-21 17:16:52,924 - doc_processing_api - INFO - Incoming request: POST http://localhost:8001/api/v1/cv/analyze
2025-01-21 17:16:52,927 - doc_processing_api - INFO - Début de l'analyse du CV: CV_TEST.docx
2025-01-21 17:16:52,927 - doc_processing_api - INFO - Début de l'analyse du CV: CV_TEST.docx
2025-01-21 17:16:52,927 - doc_processing_api - INFO - Début de l'analyse du CV: CV_TEST.docx
2025-01-21 17:16:52,937 - doc_processing_api - ERROR - Erreur lors de l'analyse du CV CV_TEST.docx: Erreur lors du traitement du CV: 'NoneType' object is not iterable
2025-01-21 17:16:52,937 - doc_processing_api - ERROR - Erreur lors de l'analyse du CV CV_TEST.docx: Erreur lors du traitement du CV: 'NoneType' object is not iterable
2025-01-21 17:16:52,937 - doc_processing_api - ERROR - Erreur lors de l'analyse du CV CV_TEST.docx: Erreur lors du traitement du CV: 'NoneType' object is not iterable
2025-01-21 17:16:52,938 - doc_processing_api - INFO - Request completed: POST http://localhost:8001/api/v1/cv/analyze - Status: 400
2025-01-21 17:16:52,938 - doc_processing_api - INFO - Request completed: POST http://localhost:8001/api/v1/cv/analyze - Status: 400
2025-01-21 17:16:52,938 - doc_processing_api - INFO - Request completed: POST http://localhost:8001/api/v1/cv/analyze - Status: 400
2025-01-21 17:18:17,074 - doc_processing_api - INFO - Incoming request: POST http://localhost:8001/api/v1/cv/analyze
2025-01-21 17:18:17,074 - doc_processing_api - INFO - Incoming request: POST http://localhost:8001/api/v1/cv/analyze
2025-01-21 17:18:17,074 - doc_processing_api - INFO - Incoming request: POST http://localhost:8001/api/v1/cv/analyze
2025-01-21 17:18:17,076 - doc_processing_api - INFO - Début de l'analyse du CV: CV_TEST.docx
2025-01-21 17:18:17,076 - doc_processing_api - INFO - Début de l'analyse du CV: CV_TEST.docx
2025-01-21 17:18:17,076 - doc_processing_api - INFO - Début de l'analyse du CV: CV_TEST.docx
2025-01-21 17:18:17,090 - doc_processing_api - INFO - Analyse du CV réussie: CV_TEST.docx
2025-01-21 17:18:17,090 - doc_processing_api - INFO - Analyse du CV réussie: CV_TEST.docx
2025-01-21 17:18:17,090 - doc_processing_api - INFO - Analyse du CV réussie: CV_TEST.docx
2025-01-21 17:18:17,091 - doc_processing_api - INFO - Request completed: POST http://localhost:8001/api/v1/cv/analyze - Status: 200
2025-01-21 17:18:17,091 - doc_processing_api - INFO - Request completed: POST http://localhost:8001/api/v1/cv/analyze - Status: 200
2025-01-21 17:18:17,091 - doc_processing_api - INFO - Request completed: POST http://localhost:8001/api/v1/cv/analyze - Status: 200
2025-01-21 20:34:22,478 - doc_processing_api - INFO - Incoming request: POST http://localhost:8001/api/v1/cv/analyze
2025-01-21 20:34:22,478 - doc_processing_api - INFO - Incoming request: POST http://localhost:8001/api/v1/cv/analyze
2025-01-21 20:34:22,478 - doc_processing_api - INFO - Incoming request: POST http://localhost:8001/api/v1/cv/analyze
2025-01-21 20:34:22,483 - doc_processing_api - INFO - Début de l'analyse du CV: CV_TEST.docx
2025-01-21 20:34:22,483 - doc_processing_api - INFO - Début de l'analyse du CV: CV_TEST.docx
2025-01-21 20:34:22,483 - doc_processing_api - INFO - Début de l'analyse du CV: CV_TEST.docx
2025-01-21 20:34:22,524 - doc_processing_api - ERROR - Erreur lors de l'analyse du CV CV_TEST.docx: Erreur lors du traitement du CV: 'sports'
2025-01-21 20:34:22,524 - doc_processing_api - ERROR - Erreur lors de l'analyse du CV CV_TEST.docx: Erreur lors du traitement du CV: 'sports'
2025-01-21 20:34:22,524 - doc_processing_api - ERROR - Erreur lors de l'analyse du CV CV_TEST.docx: Erreur lors du traitement du CV: 'sports'
2025-01-21 20:34:22,527 - doc_processing_api - INFO - Request completed: POST http://localhost:8001/api/v1/cv/analyze - Status: 400
2025-01-21 20:34:22,527 - doc_processing_api - INFO - Request completed: POST http://localhost:8001/api/v1/cv/analyze - Status: 400
2025-01-21 20:34:22,527 - doc_processing_api - INFO - Request completed: POST http://localhost:8001/api/v1/cv/analyze - Status: 400
2025-01-21 20:35:34,595 - doc_processing_api - INFO - Incoming request: POST http://localhost:8001/api/v1/cv/analyze
2025-01-21 20:35:34,595 - doc_processing_api - INFO - Incoming request: POST http://localhost:8001/api/v1/cv/analyze
2025-01-21 20:35:34,595 - doc_processing_api - INFO - Incoming request: POST http://localhost:8001/api/v1/cv/analyze
2025-01-21 20:35:34,599 - doc_processing_api - INFO - Début de l'analyse du CV: CV_TEST.docx
2025-01-21 20:35:34,599 - doc_processing_api - INFO - Début de l'analyse du CV: CV_TEST.docx
2025-01-21 20:35:34,599 - doc_processing_api - INFO - Début de l'analyse du CV: CV_TEST.docx
2025-01-21 20:35:34,617 - doc_processing_api - INFO - Analyse du CV réussie: CV_TEST.docx
2025-01-21 20:35:34,617 - doc_processing_api - INFO - Analyse du CV réussie: CV_TEST.docx
2025-01-21 20:35:34,617 - doc_processing_api - INFO - Analyse du CV réussie: CV_TEST.docx
2025-01-21 20:35:34,618 - doc_processing_api - INFO - Request completed: POST http://localhost:8001/api/v1/cv/analyze - Status: 200
2025-01-21 20:35:34,618 - doc_processing_api - INFO - Request completed: POST http://localhost:8001/api/v1/cv/analyze - Status: 200
2025-01-21 20:35:34,618 - doc_processing_api - INFO - Request completed: POST http://localhost:8001/api/v1/cv/analyze - Status: 200
2025-01-21 20:37:36,070 - doc_processing_api - INFO - Incoming request: POST http://localhost:8001/api/v1/cv/analyze
2025-01-21 20:37:36,070 - doc_processing_api - INFO - Incoming request: POST http://localhost:8001/api/v1/cv/analyze
2025-01-21 20:37:36,070 - doc_processing_api - INFO - Incoming request: POST http://localhost:8001/api/v1/cv/analyze
2025-01-21 20:37:36,073 - doc_processing_api - INFO - Début de l'analyse du CV: CV_TEST.docx
2025-01-21 20:37:36,073 - doc_processing_api - INFO - Début de l'analyse du CV: CV_TEST.docx
2025-01-21 20:37:36,073 - doc_processing_api - INFO - Début de l'analyse du CV: CV_TEST.docx
2025-01-21 20:37:36,087 - doc_processing_api - INFO - Analyse du CV réussie: CV_TEST.docx
2025-01-21 20:37:36,087 - doc_processing_api - INFO - Analyse du CV réussie: CV_TEST.docx
2025-01-21 20:37:36,087 - doc_processing_api - INFO - Analyse du CV réussie: CV_TEST.docx
2025-01-21 20:37:36,088 - doc_processing_api - INFO - Request completed: POST http://localhost:8001/api/v1/cv/analyze - Status: 200
2025-01-21 20:37:36,088 - doc_processing_api - INFO - Request completed: POST http://localhost:8001/api/v1/cv/analyze - Status: 200
2025-01-21 20:37:36,088 - doc_processing_api - INFO - Request completed: POST http://localhost:8001/api/v1/cv/analyze - Status: 200
2025-01-21 20:43:20,028 - doc_processing_api - INFO - Incoming request: POST http://localhost:8001/api/v1/cv/analyze
2025-01-21 20:43:20,028 - doc_processing_api - INFO - Incoming request: POST http://localhost:8001/api/v1/cv/analyze
2025-01-21 20:43:20,028 - doc_processing_api - INFO - Incoming request: POST http://localhost:8001/api/v1/cv/analyze
2025-01-21 20:43:20,031 - doc_processing_api - INFO - Début de l'analyse du CV: CV_TEST.docx
2025-01-21 20:43:20,031 - doc_processing_api - INFO - Début de l'analyse du CV: CV_TEST.docx
2025-01-21 20:43:20,031 - doc_processing_api - INFO - Début de l'analyse du CV: CV_TEST.docx
2025-01-21 20:43:20,066 - doc_processing_api - INFO - Analyse du CV réussie: CV_TEST.docx
2025-01-21 20:43:20,066 - doc_processing_api - INFO - Analyse du CV réussie: CV_TEST.docx
2025-01-21 20:43:20,066 - doc_processing_api - INFO - Analyse du CV réussie: CV_TEST.docx
2025-01-21 20:43:20,067 - doc_processing_api - INFO - Request completed: POST http://localhost:8001/api/v1/cv/analyze - Status: 200
2025-01-21 20:43:20,067 - doc_processing_api - INFO - Request completed: POST http://localhost:8001/api/v1/cv/analyze - Status: 200
2025-01-21 20:43:20,067 - doc_processing_api - INFO - Request completed: POST http://localhost:8001/api/v1/cv/analyze - Status: 200
2025-01-21 20:49:37,863 - doc_processing_api - INFO - Incoming request: POST http://localhost:8001/api/v1/cv/analyze
2025-01-21 20:49:37,863 - doc_processing_api - INFO - Incoming request: POST http://localhost:8001/api/v1/cv/analyze
2025-01-21 20:49:37,863 - doc_processing_api - INFO - Incoming request: POST http://localhost:8001/api/v1/cv/analyze
2025-01-21 20:49:37,865 - doc_processing_api - INFO - Début de l'analyse du CV: CV_TEST.docx
2025-01-21 20:49:37,865 - doc_processing_api - INFO - Début de l'analyse du CV: CV_TEST.docx
2025-01-21 20:49:37,865 - doc_processing_api - INFO - Début de l'analyse du CV: CV_TEST.docx
2025-01-21 20:49:37,904 - doc_processing_api - INFO - Analyse du CV réussie: CV_TEST.docx
2025-01-21 20:49:37,904 - doc_processing_api - INFO - Analyse du CV réussie: CV_TEST.docx
2025-01-21 20:49:37,904 - doc_processing_api - INFO - Analyse du CV réussie: CV_TEST.docx
2025-01-21 20:49:37,906 - doc_processing_api - INFO - Request completed: POST http://localhost:8001/api/v1/cv/analyze - Status: 200
2025-01-21 20:49:37,906 - doc_processing_api - INFO - Request completed: POST http://localhost:8001/api/v1/cv/analyze - Status: 200
2025-01-21 20:49:37,906 - doc_processing_api - INFO - Request completed: POST http://localhost:8001/api/v1/cv/analyze - Status: 200
2025-01-21 21:01:43,874 - doc_processing_api - INFO - Incoming request: POST http://localhost:8001/api/v1/cv/analyze
2025-01-21 21:01:43,874 - doc_processing_api - INFO - Incoming request: POST http://localhost:8001/api/v1/cv/analyze
2025-01-21 21:01:43,874 - doc_processing_api - INFO - Incoming request: POST http://localhost:8001/api/v1/cv/analyze
2025-01-21 21:01:43,877 - doc_processing_api - INFO - Début de l'analyse du CV: CV_TEST.docx
2025-01-21 21:01:43,877 - doc_processing_api - INFO - Début de l'analyse du CV: CV_TEST.docx
2025-01-21 21:01:43,877 - doc_processing_api - INFO - Début de l'analyse du CV: CV_TEST.docx
2025-01-21 21:01:43,891 - doc_processing_api - INFO - Analyse du CV réussie: CV_TEST.docx
2025-01-21 21:01:43,891 - doc_processing_api - INFO - Analyse du CV réussie: CV_TEST.docx
2025-01-21 21:01:43,891 - doc_processing_api - INFO - Analyse du CV réussie: CV_TEST.docx
2025-01-21 21:01:43,892 - doc_processing_api - INFO - Request completed: POST http://localhost:8001/api/v1/cv/analyze - Status: 200
2025-01-21 21:01:43,892 - doc_processing_api - INFO - Request completed: POST http://localhost:8001/api/v1/cv/analyze - Status: 200
2025-01-21 21:01:43,892 - doc_processing_api - INFO - Request completed: POST http://localhost:8001/api/v1/cv/analyze - Status: 200
2025-01-21 21:09:46,993 - doc_processing_api - INFO - Incoming request: POST http://localhost:8001/api/v1/cv/analyze
2025-01-21 21:09:46,993 - doc_processing_api - INFO - Incoming request: POST http://localhost:8001/api/v1/cv/analyze
2025-01-21 21:09:46,993 - doc_processing_api - INFO - Incoming request: POST http://localhost:8001/api/v1/cv/analyze
2025-01-21 21:09:46,996 - doc_processing_api - INFO - Début de l'analyse du CV: CV_TEST.docx
2025-01-21 21:09:46,996 - doc_processing_api - INFO - Début de l'analyse du CV: CV_TEST.docx
2025-01-21 21:09:46,996 - doc_processing_api - INFO - Début de l'analyse du CV: CV_TEST.docx
2025-01-21 21:09:47,006 - doc_processing_api - INFO - Analyse du CV réussie: CV_TEST.docx
2025-01-21 21:09:47,006 - doc_processing_api - INFO - Analyse du CV réussie: CV_TEST.docx
2025-01-21 21:09:47,006 - doc_processing_api - INFO - Analyse du CV réussie: CV_TEST.docx
2025-01-21 21:09:47,007 - doc_processing_api - INFO - Request completed: POST http://localhost:8001/api/v1/cv/analyze - Status: 200
2025-01-21 21:09:47,007 - doc_processing_api - INFO - Request completed: POST http://localhost:8001/api/v1/cv/analyze - Status: 200
2025-01-21 21:09:47,007 - doc_processing_api - INFO - Request completed: POST http://localhost:8001/api/v1/cv/analyze - Status: 200
